
ROM used: 182 (2%)
          2049 (25%) including unused fragments

          0 Average locations per line
          4 Average locations per statement

RAM used: 5 (1%) at main() level
          8 (2%) worst case

Stack used: 4 worst case (out of 8 total available)

Lines Stmts  %   Files
----- ----- ---  -----
   74    41 100  ejercicio_5.c
  326     0   0  ..\..\..\..\Program Files (x86)\PICC\devices\16F877A.h
----- -----
  400    41 Total

Page ROM  %  RAM   Vol Diff  Functions:
---- --- --- ---   --- ----  ----------
0     20  11   1             @delay_ms1
3      1   1   0     6  0.5  loader16F877A
0      8   4   0    32  1.0  apagados
0     11   6   0    32  1.0  encendidos
0     24  13   2   194  4.0  corrDer
0     33  18   2   242  4.1  corrIzq
0      5   3   0    21  1.0  corrDerIzq
0     18  10   0    67  1.2  apagEnc
0     58  32   0   310  4.0  MAIN

Program metrics:
    Functions               8
    Statements              41
    Comments                78
    Volume (V)              1426
    Difficilty (D)          17.0
    Effort to implement (E) 24298
    Time to implement (T)   22 minutes
    Est Delivered Bugs (B)  0
    Cyclomatic Complexity   9
    Maintainability (MI)    68

 Segment     Used  Free
-----------  ----  ----
00000-00003     4  0  
00004-007FF   177  1867  
00800-00FFF     0  2048  
01000-017FF     0  2048  
01800-01EFF     0  1792  
01F00-01FFF     1  255  



