
ROM used: 182 (2%)
          2049 (25%) including unused fragments

          1 Average locations per line
          23 Average locations per statement

RAM used: 6 (2%) at main() level
          8 (2%) worst case

Stack used: 2 worst case (out of 8 total available)

Lines Stmts  %   Files
----- ----- ---  -----
   17     8 100  ejercicio_4.c
  326     0   0  ..\..\..\..\Program Files (x86)\PICC\devices\16F877A.h
----- -----
  343     8 Total

Page ROM  %  RAM   Vol Diff  Functions:
---- --- --- ---   --- ----  ----------
0     20  11   1             @delay_ms1
3      1   1   0     5  1.0  loader16F877A
0     58  32   1   130  1.6  MAIN
0     14   8   0             @const72
0     72  40   3             @PSTRINGC7_56000_62_63
0     13   7   0             @const74

Program metrics:
    Functions               2
    Statements              8
    Comments                77
    Volume (V)              157
    Difficilty (D)          2.0
    Effort to implement (E) 314
    Time to implement (T)   0 minutes
    Est Delivered Bugs (B)  0
    Cyclomatic Complexity   1
    Maintainability (MI)    116

 Segment     Used  Free
-----------  ----  ----
00000-00003     4  0  
00004-007FF   177  1867  
00800-00FFF     0  2048  
01000-017FF     0  2048  
01800-01EFF     0  1792  
01F00-01FFF     1  255  



