
ROM used: 29 (0%)
          2049 (25%) including unused fragments

          0 Average locations per line
          7 Average locations per statement

RAM used: 6 (2%) at main() level
          6 (2%) worst case

Stack used: 1 worst case (out of 8 total available)

Lines Stmts  %   Files
----- ----- ---  -----
   13     4 100  ejercicio_3.c
  326     0   0  ..\..\..\..\Program Files (x86)\PICC\devices\16F877A.h
----- -----
  339     4 Total

Page ROM  %  RAM   Vol Diff  Functions:
---- --- --- ---   --- ----  ----------
3      1   3   0     5  1.0  loader16F877A
0     24  83   0    54  1.8  MAIN

Program metrics:
    Functions               2
    Statements              4
    Comments                77
    Volume (V)              70
    Difficilty (D)          2.6
    Effort to implement (E) 185
    Time to implement (T)   0 minutes
    Est Delivered Bugs (B)  0
    Cyclomatic Complexity   1
    Maintainability (MI)    132

 Segment     Used  Free
-----------  ----  ----
00000-00003     4  0  
00004-007FF    24  2020  
00800-00FFF     0  2048  
01000-017FF     0  2048  
01800-01EFF     0  1792  
01F00-01FFF     1  255  



